e:\dev\breakout\breakout\x64\debug\vc143.pdb
e:\dev\breakout\breakout\x64\debug\vc143.idb
e:\dev\breakout\breakout\x64\debug\glad.obj
e:\dev\breakout\breakout\x64\debug\vbo.obj
e:\dev\breakout\breakout\x64\debug\vao.obj
e:\dev\breakout\breakout\x64\debug\shader.obj
e:\dev\breakout\breakout\x64\debug\ebo.obj
e:\dev\breakout\breakout\x64\debug\breakout.obj
e:\dev\breakout\breakout\x64\debug\stb.obj
e:\dev\breakout\x64\debug\breakout.pdb
e:\dev\breakout\breakout\x64\debug\breakout.tlog\cl.command.1.tlog
e:\dev\breakout\breakout\x64\debug\breakout.tlog\cl.read.1.tlog
e:\dev\breakout\breakout\x64\debug\breakout.tlog\cl.write.1.tlog
e:\dev\breakout\breakout\x64\debug\breakout.tlog\link-cvtres.read.1.tlog
e:\dev\breakout\breakout\x64\debug\breakout.tlog\link-cvtres.write.1.tlog
e:\dev\breakout\breakout\x64\debug\breakout.tlog\link-rc.read.1.tlog
e:\dev\breakout\breakout\x64\debug\breakout.tlog\link-rc.write.1.tlog
e:\dev\breakout\breakout\x64\debug\breakout.tlog\link.13476-cvtres.read.1.tlog
e:\dev\breakout\breakout\x64\debug\breakout.tlog\link.13476-cvtres.write.1.tlog
e:\dev\breakout\breakout\x64\debug\breakout.tlog\link.13476-rc.read.1.tlog
e:\dev\breakout\breakout\x64\debug\breakout.tlog\link.13476-rc.write.1.tlog
e:\dev\breakout\breakout\x64\debug\breakout.tlog\link.13476.read.1.tlog
e:\dev\breakout\breakout\x64\debug\breakout.tlog\link.13476.read.2.tlog
e:\dev\breakout\breakout\x64\debug\breakout.tlog\link.13476.write.1.tlog
e:\dev\breakout\breakout\x64\debug\breakout.tlog\link.command.1.tlog
e:\dev\breakout\breakout\x64\debug\breakout.tlog\link.read.1.tlog
e:\dev\breakout\breakout\x64\debug\breakout.tlog\link.read.2.tlog
e:\dev\breakout\breakout\x64\debug\breakout.tlog\link.write.1.tlog
